IQ-TREE multicore version 2.4.0 for Linux ARM 64-bit built Feb 12 2025
Developed by Bui Quang Minh, Nguyen Lam Tung, Olga Chernomor, Heiko Schmidt,
Dominik Schrempf, Michael Woodhams, Ly Trong Nhan, Thomas Wong

Host:    node0 (SSE4.2, 250 GB RAM)
Command: iqtree -s GCF_000864105.1_noTerminalStopCodon.part_lcl__NC_007358.1_cds_YP_473348.1_3-nodups.fasta -m GTR+I+G -pre GCF_000864105.1_noTerminalStopCodon.part_lcl__NC_007358.1_cds_YP_473348.1_3 -nt AUTO -ntmax 6 -mem 36GB
Seed:    697248 (Using SPRNG - Scalable Parallel Random Number Generator)
Time:    Tue Aug  5 20:40:14 2025
Kernel:  SSE2 - auto-detect threads (6 CPU cores detected)

Reading alignment file GCF_000864105.1_noTerminalStopCodon.part_lcl__NC_007358.1_cds_YP_473348.1_3-nodups.fasta ... Fasta format detected
Reading fasta file: done in 0.000108079 secs using 99% CPU
Alignment most likely contains DNA/RNA sequences
Alignment has 11 sequences with 270 columns, 23 distinct patterns
33 parsimony-informative, 8 singleton sites, 229 constant sites
                                                                                                                                                                    Gap/Ambiguity  Composition  p-value
Analyzing sequences: done in 0.000621837 secs using 395.1% CPU
   1  PV792275_1_Influenza_A_virus_A_cattle_CA_25_012917_001_original_2025_H5N1_segment_2_polymerase_PB1_PB1_and_PB1_F2_protein_PB1_F2_genes_complete_cds                   0.00%    passed     56.72%
   2  PV792531_1_Influenza_A_virus_A_cattle_ID_25_012952_001_original_2025_H5N1_segment_2_polymerase_PB1_PB1_and_PB1_F2_protein_PB1_F2_genes_complete_cds                   0.00%    passed     66.97%
   3  PV520598_1_Influenza_A_virus_A_cattle_Nevada_NV_7_2025_H5N1_segment_2_polymerase_PB1_PB1_and_PB1_F2_protein_PB1_F2_genes_complete_cds                                 0.00%    passed     99.91%
   4  PV520601_1_Influenza_A_virus_A_cattle_Nevada_WD_210_2025_H5N1_segment_2_polymerase_PB1_PB1_and_PB1_F2_protein_PB1_F2_genes_complete_cds                               0.00%    passed     99.72%
   5  PV792035_1_Influenza_A_virus_A_Duck_NY_25_012798_007_original_repeat_2025_H5N1_segment_2_polymerase_PB1_PB1_and_PB1_F2_protein_PB1_F2_genes_complete_cds              0.00%    passed     99.12%
   6  PV218191_1_Influenza_A_virus_A_Bald_Eagle_IA_25_001479_001_original_2025_H5N1_segment_2_polymerase_PB1_PB1_and_PB1_F2_protein_PB1_F2_genes_complete_cds               0.00%    passed     98.79%
   7  PV218199_1_Influenza_A_virus_A_Bald_Eagle_IA_25_001479_002_original_2025_H5N1_segment_2_polymerase_PB1_PB1_and_PB1_F2_protein_PB1_F2_genes_complete_cds               0.00%    passed     98.79%
   8  PV218207_1_Influenza_A_virus_A_Canada_Goose_IL_25_000616_002_original_2025_H5N1_segment_2_polymerase_PB1_PB1_and_putative_PB1_F2_protein_PB1_F2_genes_complete_cds    0.00%    passed     96.19%
   9  PV218223_1_Influenza_A_virus_A_Canada_Goose_IL_25_000616_004_original_2025_H5N1_segment_2_polymerase_PB1_PB1_and_PB1_F2_protein_PB1_F2_genes_complete_cds             0.00%    passed     98.79%
  10  PV218383_1_Influenza_A_virus_A_Turkey_OH_25_001054_002_original_2025_H5N1_segment_2_polymerase_PB1_PB1_and_PB1_F2_protein_PB1_F2_genes_complete_cds                   0.00%    passed     98.79%
  11  PV218431_1_Influenza_A_virus_A_Turkey_OH_25_001328_002_original_2025_H5N1_segment_2_polymerase_PB1_PB1_and_PB1_F2_protein_PB1_F2_genes_complete_cds                   0.00%    passed     99.73%
****  TOTAL                                                                                                                                                                 0.00%  0 sequences failed composition chi2 test (p-value<5%; df=3)

Create initial parsimony tree by phylogenetic likelihood library (PLL)... 0.000 seconds

NOTE: 0 MB RAM (0 GB) is required!
Measuring multi-threading efficiency up to 6 CPU cores
Increase to 10 rounds for branch lengths
8734 trees examined
Threads: 1 / Time: 6.000 sec / Speedup: 1.000 / Efficiency: 100% / LogL: -679
Threads: 2 / Time: 6.735 sec / Speedup: 0.891 / Efficiency: 45% / LogL: -679
BEST NUMBER OF THREADS: 1

Estimate model parameters (epsilon = 0.100)
Thoroughly optimizing +I+G parameters from 10 start values...
Init pinv, alpha: 0.000, 1.000 / Estimate: 0.000, 998.443 / LogL: -544.484
Init pinv, alpha: 0.094, 1.000 / Estimate: 0.094, 998.440 / LogL: -544.618
Init pinv, alpha: 0.188, 1.000 / Estimate: 0.188, 998.438 / LogL: -544.787
Init pinv, alpha: 0.283, 1.000 / Estimate: 0.281, 998.436 / LogL: -545.005
Init pinv, alpha: 0.377, 1.000 / Estimate: 0.374, 998.432 / LogL: -545.297
Init pinv, alpha: 0.471, 1.000 / Estimate: 0.466, 998.427 / LogL: -545.698
Init pinv, alpha: 0.565, 1.000 / Estimate: 0.555, 998.426 / LogL: -546.273
Init pinv, alpha: 0.660, 1.000 / Estimate: 0.596, 998.425 / LogL: -546.646
Init pinv, alpha: 0.754, 1.000 / Estimate: 0.591, 998.430 / LogL: -546.603
Init pinv, alpha: 0.848, 1.000 / Estimate: 0.598, 998.434 / LogL: -546.673
Optimal pinv,alpha: 0.000, 998.443 / LogL: -544.484

Parameters optimization took 0.097 sec
Wrote distance file to... 
Computing ML distances based on estimated model parameters...
Calculating distance matrix: done in 0.000551997 secs using 93.12% CPU
Computing ML distances took 0.000578 sec (of wall-clock time) 0.000539 sec (of CPU time)
Setting up auxiliary I and S matrices: done in 3.42801e-05 secs using 99.18% CPU
Computing RapidNJ tree took 0.000177 sec (of wall-clock time) 0.000202 sec (of CPU time)
Log-likelihood of RapidNJ tree: -549.910
--------------------------------------------------------------------
|             INITIALIZING CANDIDATE TREE SET                      |
--------------------------------------------------------------------
Generating 98 parsimony trees... 0.017 second
Computing log-likelihood of 98 initial trees ... 0.021 seconds
Current best score: -544.484

Do NNI search on 20 best initial trees
Estimate model parameters (epsilon = 0.100)
BETTER TREE FOUND at iteration 1: -544.484
BETTER TREE FOUND at iteration 4: -544.484
Iteration 10 / LogL: -544.484 / Time: 0h:0m:12s
BETTER TREE FOUND at iteration 17: -544.484
BETTER TREE FOUND at iteration 19: -544.484
Iteration 20 / LogL: -544.484 / Time: 0h:0m:12s
Finish initializing candidate tree set (17)
Current best tree score: -544.484 / CPU time: 0.059
Number of iterations: 20
--------------------------------------------------------------------
|               OPTIMIZING CANDIDATE TREE SET                      |
--------------------------------------------------------------------
Iteration 30 / LogL: -544.484 / Time: 0h:0m:12s (0h:0m:39s left)
Iteration 40 / LogL: -544.484 / Time: 0h:0m:12s (0h:0m:26s left)
Iteration 50 / LogL: -544.485 / Time: 0h:0m:12s (0h:0m:18s left)
Iteration 60 / LogL: -544.485 / Time: 0h:0m:12s (0h:0m:12s left)
Iteration 70 / LogL: -544.484 / Time: 0h:0m:13s (0h:0m:9s left)
Iteration 80 / LogL: -544.485 / Time: 0h:0m:13s (0h:0m:6s left)
Iteration 90 / LogL: -544.484 / Time: 0h:0m:13s (0h:0m:4s left)
Iteration 100 / LogL: -544.485 / Time: 0h:0m:13s (0h:0m:2s left)
Iteration 110 / LogL: -655.008 / Time: 0h:0m:13s (0h:0m:1s left)
Iteration 120 / LogL: -544.485 / Time: 0h:0m:13s (0h:0m:-1s left)
TREE SEARCH COMPLETED AFTER 120 ITERATIONS / Time: 0h:0m:13s

--------------------------------------------------------------------
|                    FINALIZING TREE SEARCH                        |
--------------------------------------------------------------------
Performs final model parameters optimization
Estimate model parameters (epsilon = 0.010)
1. Initial log-likelihood: -544.484
Optimal log-likelihood: -544.484
Rate parameters:  A-C: 0.13546  A-G: 3.01590  A-T: 0.14895  C-G: 0.19353  C-T: 4.91217  G-T: 1.00000
Base frequencies:  A: 0.369  C: 0.229  G: 0.232  T: 0.170
Proportion of invariable sites: 0.000
Gamma shape alpha: 998.443
Parameters optimization took 1 rounds (0.001 sec)
BEST SCORE FOUND : -544.484
Total tree length: 0.167

Total number of iterations: 120
CPU time used for tree search: 0.264 sec (0h:0m:0s)
Wall-clock time used for tree search: 0.275 sec (0h:0m:0s)
Total CPU time used: 18.511 sec (0h:0m:18s)
Total wall-clock time used: 13.124 sec (0h:0m:13s)

Analysis results written to: 
  IQ-TREE report:                GCF_000864105.1_noTerminalStopCodon.part_lcl__NC_007358.1_cds_YP_473348.1_3.iqtree
  Maximum-likelihood tree:       GCF_000864105.1_noTerminalStopCodon.part_lcl__NC_007358.1_cds_YP_473348.1_3.treefile
  Likelihood distances:          GCF_000864105.1_noTerminalStopCodon.part_lcl__NC_007358.1_cds_YP_473348.1_3.mldist
  Screen log file:               GCF_000864105.1_noTerminalStopCodon.part_lcl__NC_007358.1_cds_YP_473348.1_3.log

Date and Time: Tue Aug  5 20:40:27 2025
