IQ-TREE multicore version 2.4.0 for Linux ARM 64-bit built Feb 12 2025
Developed by Bui Quang Minh, Nguyen Lam Tung, Olga Chernomor, Heiko Schmidt,
Dominik Schrempf, Michael Woodhams, Ly Trong Nhan, Thomas Wong

Host:    node0 (SSE4.2, 250 GB RAM)
Command: iqtree -s GCF_000864105.1_noTerminalStopCodon.part_lcl__NC_007360.1_cds_YP_308667.1_7-nodups.fasta -m GTR+I+G -pre GCF_000864105.1_noTerminalStopCodon.part_lcl__NC_007360.1_cds_YP_308667.1_7 -nt AUTO -ntmax 6 -mem 36GB
Seed:    633544 (Using SPRNG - Scalable Parallel Random Number Generator)
Time:    Tue Aug  5 20:40:08 2025
Kernel:  SSE2 - auto-detect threads (6 CPU cores detected)

Reading alignment file GCF_000864105.1_noTerminalStopCodon.part_lcl__NC_007360.1_cds_YP_308667.1_7-nodups.fasta ... Fasta format detected
Reading fasta file: done in 0.000918996 secs
Alignment most likely contains DNA/RNA sequences
Alignment has 27 sequences with 1494 columns, 77 distinct patterns
194 parsimony-informative, 32 singleton sites, 1268 constant sites
                                                                                                                                         Gap/Ambiguity  Composition  p-value
Analyzing sequences: done in 0.000634437 secs using 336.7% CPU
   1  PV792030_1_Influenza_A_virus_A_cattle_ID_25_012907_001_original_2025_H5N1_segment_5_nucleocapsid_protein_NP_gene_complete_cds              0.00%    passed     99.81%
   2  PV792278_1_Influenza_A_virus_A_cattle_CA_25_012917_001_original_2025_H5N1_segment_5_nucleocapsid_protein_NP_gene_complete_cds              0.00%    passed     99.81%
   3  PV792398_1_Influenza_A_virus_A_cattle_ID_25_012902_001_original_2025_H5N1_segment_5_nucleocapsid_protein_NP_gene_complete_cds              0.00%    passed     99.89%
   4  PV792406_1_Influenza_A_virus_A_cattle_ID_25_012902_002_original_2025_H5N1_segment_5_nucleocapsid_protein_NP_gene_complete_cds              0.00%    passed     99.90%
   5  PV792502_1_Influenza_A_virus_A_cattle_ID_25_012909_001_original_2025_H5N1_segment_5_nucleocapsid_protein_NP_gene_complete_cds              0.00%    passed     99.81%
   6  PV792510_1_Influenza_A_virus_A_cattle_ID_25_012909_002_original_2025_H5N1_segment_5_nucleocapsid_protein_NP_gene_complete_cds              0.00%    passed     99.89%
   7  PV520593_1_Influenza_A_virus_A_cattle_Nevada_NV_7_2025_H5N1_segment_5_nucleocapsid_protein_NP_gene_complete_cds                            0.00%    passed     99.78%
   8  PV218890_1_Influenza_A_virus_A_cattle_CA_25_000603_001_original_2025_H5N1_segment_5_nucleocapsid_protein_NP_gene_complete_cds              0.00%    passed     99.90%
   9  PV218898_1_Influenza_A_virus_A_cattle_CA_25_000605_001_original_2025_H5N1_segment_5_nucleocapsid_protein_NP_gene_complete_cds              0.00%    passed     99.53%
  10  PV218906_1_Influenza_A_virus_A_cattle_CA_25_001132_001_original_2025_H5N1_segment_5_nucleocapsid_protein_NP_gene_complete_cds              0.00%    passed     99.79%
  11  PV218922_1_Influenza_A_virus_A_cattle_CA_25_001525_001_original_2025_H5N1_segment_5_nucleocapsid_protein_NP_gene_complete_cds              0.00%    passed     99.81%
  12  PV792038_1_Influenza_A_virus_A_Duck_NY_25_012798_007_original_repeat_2025_H5N1_segment_5_nucleocapsid_protein_NP_gene_complete_cds         0.00%    passed     99.07%
  13  PV336653_1_Influenza_A_virus_A_Common_Raven_CA_25_003340_001_original_2025_H5N1_segment_5_nucleocapsid_protein_NP_gene_complete_cds        0.00%    passed     99.91%
  14  PV218194_1_Influenza_A_virus_A_Bald_Eagle_IA_25_001479_001_original_2025_H5N1_segment_5_nucleocapsid_protein_NP_gene_complete_cds          0.00%    passed     99.99%
  15  PV218202_1_Influenza_A_virus_A_Bald_Eagle_IA_25_001479_002_original_2025_H5N1_segment_5_nucleocapsid_protein_NP_gene_complete_cds          0.00%    passed     85.08%
  16  PV218210_1_Influenza_A_virus_A_Canada_Goose_IL_25_000616_002_original_2025_H5N1_segment_5_nucleocapsid_protein_NP_gene_complete_cds        0.00%    passed     99.98%
  17  PV218226_1_Influenza_A_virus_A_Canada_Goose_IL_25_000616_004_original_2025_H5N1_segment_5_nucleocapsid_protein_NP_gene_complete_cds        0.00%    passed     99.60%
  18  PV218234_1_Influenza_A_virus_A_Canada_Goose_IL_25_000616_005_original_2025_H5N1_segment_5_nucleocapsid_protein_NP_gene_complete_cds        0.00%    passed    100.00%
  19  PV218250_1_Influenza_A_virus_A_Canada_Goose_IL_25_000616_007_original_2025_H5N1_segment_5_nucleocapsid_protein_NP_gene_complete_cds        0.00%    passed     99.88%
  20  PV218266_1_Influenza_A_virus_A_Canada_Goose_IL_25_000616_010_original_2025_H5N1_segment_5_nucleocapsid_protein_NP_gene_complete_cds        0.00%    passed     99.92%
  21  PV218274_1_Influenza_A_virus_A_Canada_Goose_IL_25_000616_011_original_2025_H5N1_segment_5_nucleocapsid_protein_NP_gene_complete_cds        0.00%    passed     85.27%
  22  PV218282_1_Influenza_A_virus_A_Crane_VA_25_001494_001_original_2025_H5N1_segment_5_nucleocapsid_protein_NP_gene_complete_cds               0.00%    passed     99.92%
  23  PV218290_1_Influenza_A_virus_A_Duck_IL_25_000617_002_original_2025_H5N1_segment_5_nucleocapsid_protein_NP_gene_complete_cds                0.00%    passed     99.99%
  24  PV218322_1_Influenza_A_virus_A_Great_Horned_Owl_IA_25_000440_001_original_2025_H5N1_segment_5_nucleocapsid_protein_NP_gene_complete_cds    0.00%    passed     99.87%
  25  PV218330_1_Influenza_A_virus_A_Guineafowl_TN_25_001531_002_original_2025_H5N1_segment_5_nucleocapsid_protein_NP_gene_complete_cds          0.00%    passed     99.92%
  26  PV218386_1_Influenza_A_virus_A_Turkey_OH_25_001054_002_original_2025_H5N1_segment_5_nucleocapsid_protein_NP_gene_complete_cds              0.00%    passed     99.71%
  27  PV219186_1_Influenza_A_virus_A_goose_MD_25_001223_001_original_2025_H5N1_segment_5_nucleocapsid_protein_NP_gene_complete_cds               0.00%    passed     99.92%
****  TOTAL                                                                                                                                      0.00%  0 sequences failed composition chi2 test (p-value<5%; df=3)

Create initial parsimony tree by phylogenetic likelihood library (PLL)... 0.001 seconds

NOTE: 0 MB RAM (0 GB) is required!
Measuring multi-threading efficiency up to 6 CPU cores
Increase to 10 rounds for branch lengths
730 trees examined
Threads: 1 / Time: 6.008 sec / Speedup: 1.000 / Efficiency: 100% / LogL: -5046
Threads: 2 / Time: 5.809 sec / Speedup: 1.034 / Efficiency: 52% / LogL: -5046
Threads: 3 / Time: 5.302 sec / Speedup: 1.133 / Efficiency: 38% / LogL: -5046
BEST NUMBER OF THREADS: 1

Estimate model parameters (epsilon = 0.100)
Thoroughly optimizing +I+G parameters from 10 start values...
Init pinv, alpha: 0.000, 1.000 / Estimate: 0.000, 0.287 / LogL: -3270.141
Init pinv, alpha: 0.094, 1.000 / Estimate: 0.093, 0.350 / LogL: -3270.114
Init pinv, alpha: 0.189, 1.000 / Estimate: 0.187, 0.460 / LogL: -3270.107
Init pinv, alpha: 0.283, 1.000 / Estimate: 0.281, 0.591 / LogL: -3270.089
Init pinv, alpha: 0.377, 1.000 / Estimate: 0.376, 0.830 / LogL: -3270.081
Init pinv, alpha: 0.472, 1.000 / Estimate: 0.472, 1.159 / LogL: -3270.087
Init pinv, alpha: 0.566, 1.000 / Estimate: 0.567, 1.869 / LogL: -3270.134
Init pinv, alpha: 0.660, 1.000 / Estimate: 0.662, 10.037 / LogL: -3270.431
Init pinv, alpha: 0.754, 1.000 / Estimate: 0.706, 998.405 / LogL: -3271.029
Init pinv, alpha: 0.849, 1.000 / Estimate: 0.705, 998.437 / LogL: -3271.022
Optimal pinv,alpha: 0.376, 0.830 / LogL: -3270.081

Parameters optimization took 0.463 sec
Wrote distance file to... 
Computing ML distances based on estimated model parameters...
Calculating distance matrix: done in 0.00421846 secs using 99.37% CPU
Computing ML distances took 0.004261 sec (of wall-clock time) 0.004234 sec (of CPU time)
Setting up auxiliary I and S matrices: done in 0.000137319 secs using 119.4% CPU
Computing RapidNJ tree took 0.000568 sec (of wall-clock time) 0.000593 sec (of CPU time)
Log-likelihood of RapidNJ tree: -3271.200
--------------------------------------------------------------------
|             INITIALIZING CANDIDATE TREE SET                      |
--------------------------------------------------------------------
Generating 98 parsimony trees... 0.064 second
Computing log-likelihood of 98 initial trees ... 0.102 seconds
Current best score: -3270.081

Do NNI search on 20 best initial trees
Estimate model parameters (epsilon = 0.100)
BETTER TREE FOUND at iteration 1: -3270.076
BETTER TREE FOUND at iteration 5: -3270.076
BETTER TREE FOUND at iteration 6: -3270.076
BETTER TREE FOUND at iteration 7: -3270.076
Iteration 10 / LogL: -3270.076 / Time: 0h:0m:17s
Iteration 20 / LogL: -3270.076 / Time: 0h:0m:18s
Finish initializing candidate tree set (20)
Current best tree score: -3270.076 / CPU time: 0.455
Number of iterations: 20
--------------------------------------------------------------------
|               OPTIMIZING CANDIDATE TREE SET                      |
--------------------------------------------------------------------
Iteration 30 / LogL: -3270.076 / Time: 0h:0m:18s (0h:0m:48s left)
BETTER TREE FOUND at iteration 40: -3270.076
Iteration 40 / LogL: -3270.076 / Time: 0h:0m:18s (0h:0m:47s left)
Iteration 50 / LogL: -3271.144 / Time: 0h:0m:18s (0h:0m:34s left)
Iteration 60 / LogL: -3278.437 / Time: 0h:0m:18s (0h:0m:25s left)
Iteration 70 / LogL: -3270.080 / Time: 0h:0m:19s (0h:0m:19s left)
Iteration 80 / LogL: -3270.077 / Time: 0h:0m:19s (0h:0m:14s left)
Iteration 90 / LogL: -3270.081 / Time: 0h:0m:19s (0h:0m:11s left)
Iteration 100 / LogL: -3273.576 / Time: 0h:0m:19s (0h:0m:8s left)
BETTER TREE FOUND at iteration 101: -3270.076
Iteration 110 / LogL: -3270.080 / Time: 0h:0m:20s (0h:0m:16s left)
Iteration 120 / LogL: -3270.078 / Time: 0h:0m:20s (0h:0m:13s left)
Iteration 130 / LogL: -3270.083 / Time: 0h:0m:20s (0h:0m:11s left)
Iteration 140 / LogL: -3270.078 / Time: 0h:0m:20s (0h:0m:9s left)
BETTER TREE FOUND at iteration 144: -3270.076
Iteration 150 / LogL: -3270.078 / Time: 0h:0m:20s (0h:0m:13s left)
Iteration 160 / LogL: -3270.078 / Time: 0h:0m:21s (0h:0m:11s left)
Iteration 170 / LogL: -3270.081 / Time: 0h:0m:21s (0h:0m:9s left)
Iteration 180 / LogL: -3270.082 / Time: 0h:0m:21s (0h:0m:7s left)
Iteration 190 / LogL: -3270.079 / Time: 0h:0m:21s (0h:0m:6s left)
Iteration 200 / LogL: -3270.080 / Time: 0h:0m:21s (0h:0m:4s left)
Iteration 210 / LogL: -3270.080 / Time: 0h:0m:22s (0h:0m:3s left)
Iteration 220 / LogL: -3273.580 / Time: 0h:0m:22s (0h:0m:2s left)
Iteration 230 / LogL: -3273.580 / Time: 0h:0m:22s (0h:0m:1s left)
Iteration 240 / LogL: -3270.076 / Time: 0h:0m:22s (0h:0m:0s left)
TREE SEARCH COMPLETED AFTER 245 ITERATIONS / Time: 0h:0m:22s

--------------------------------------------------------------------
|                    FINALIZING TREE SEARCH                        |
--------------------------------------------------------------------
Performs final model parameters optimization
Estimate model parameters (epsilon = 0.010)
1. Initial log-likelihood: -3270.076
Optimal log-likelihood: -3270.073
Rate parameters:  A-C: 4.61714  A-G: 21.04214  A-T: 2.27790  C-G: 0.84054  C-T: 34.21088  G-T: 1.00000
Base frequencies:  A: 0.315  C: 0.205  G: 0.270  T: 0.210
Proportion of invariable sites: 0.376
Gamma shape alpha: 0.794
Parameters optimization took 1 rounds (0.005 sec)
BEST SCORE FOUND : -3270.073
Total tree length: 0.227

Total number of iterations: 245
CPU time used for tree search: 4.993 sec (0h:0m:4s)
Wall-clock time used for tree search: 5.156 sec (0h:0m:5s)
Total CPU time used: 37.623 sec (0h:0m:37s)
Total wall-clock time used: 22.765 sec (0h:0m:22s)

Analysis results written to: 
  IQ-TREE report:                GCF_000864105.1_noTerminalStopCodon.part_lcl__NC_007360.1_cds_YP_308667.1_7.iqtree
  Maximum-likelihood tree:       GCF_000864105.1_noTerminalStopCodon.part_lcl__NC_007360.1_cds_YP_308667.1_7.treefile
  Likelihood distances:          GCF_000864105.1_noTerminalStopCodon.part_lcl__NC_007360.1_cds_YP_308667.1_7.mldist
  Screen log file:               GCF_000864105.1_noTerminalStopCodon.part_lcl__NC_007360.1_cds_YP_308667.1_7.log

Date and Time: Tue Aug  5 20:40:31 2025
