IQ-TREE multicore version 2.4.0 for Linux ARM 64-bit built Feb 12 2025
Developed by Bui Quang Minh, Nguyen Lam Tung, Olga Chernomor, Heiko Schmidt,
Dominik Schrempf, Michael Woodhams, Ly Trong Nhan, Thomas Wong

Host:    node0 (SSE4.2, 250 GB RAM)
Command: iqtree -s GCF_000864105.1_noTerminalStopCodon.part_lcl__NC_007362.1_cds_YP_308669.1_6-nodups.fasta -m GTR+I+G -pre GCF_000864105.1_noTerminalStopCodon.part_lcl__NC_007362.1_cds_YP_308669.1_6 -nt AUTO -ntmax 6 -mem 36GB
Seed:    636285 (Using SPRNG - Scalable Parallel Random Number Generator)
Time:    Tue Aug  5 20:39:56 2025
Kernel:  SSE2 - auto-detect threads (6 CPU cores detected)

Reading alignment file GCF_000864105.1_noTerminalStopCodon.part_lcl__NC_007362.1_cds_YP_308669.1_6-nodups.fasta ... Fasta format detected
Reading fasta file: done in 0.00139671 secs using 88.85% CPU
Alignment most likely contains DNA/RNA sequences
WARNING: 3 sites contain only gaps or ambiguous characters.
Alignment has 39 sequences with 1704 columns, 81 distinct patterns
69 parsimony-informative, 47 singleton sites, 1588 constant sites
                                                                                                                                  Gap/Ambiguity  Composition  p-value
Analyzing sequences: done in 0.00152747 secs using 278.4% CPU
   1  PV792029_1_Influenza_A_virus_A_cattle_ID_25_012907_001_original_2025_H5N1_segment_4_hemagglutinin_HA_gene_complete_cds              0.18%    passed     97.47%
   2  PV792277_1_Influenza_A_virus_A_cattle_CA_25_012917_001_original_2025_H5N1_segment_4_hemagglutinin_HA_gene_complete_cds              0.18%    passed     98.32%
   3  PV792397_1_Influenza_A_virus_A_cattle_ID_25_012902_001_original_2025_H5N1_segment_4_hemagglutinin_HA_gene_complete_cds              0.18%    passed     98.10%
   4  PV792405_1_Influenza_A_virus_A_cattle_ID_25_012902_002_original_2025_H5N1_segment_4_hemagglutinin_HA_gene_complete_cds              0.18%    passed     97.47%
   5  PV792501_1_Influenza_A_virus_A_cattle_ID_25_012909_001_original_2025_H5N1_segment_4_hemagglutinin_HA_gene_complete_cds              0.18%    passed     96.64%
   6  PV792533_1_Influenza_A_virus_A_cattle_ID_25_012952_001_original_2025_H5N1_segment_4_hemagglutinin_HA_gene_complete_cds              0.18%    passed     97.47%
   7  PV792549_1_Influenza_A_virus_A_cattle_ID_25_012952_005_original_2025_H5N1_segment_4_hemagglutinin_HA_gene_complete_cds              0.18%    passed     97.99%
   8  PV520597_1_Influenza_A_virus_A_cattle_Nevada_NV_7_2025_H5N1_segment_4_hemagglutinin_HA_gene_complete_cds                            0.18%    passed     99.59%
   9  PV520602_1_Influenza_A_virus_A_cattle_Nevada_WD_210_2025_H5N1_segment_4_hemagglutinin_HA_gene_complete_cds                          0.18%    passed     99.69%
  10  PV218889_1_Influenza_A_virus_A_cattle_CA_25_000603_001_original_2025_H5N1_segment_4_hemagglutinin_HA_gene_complete_cds              0.18%    passed     97.56%
  11  PV218897_1_Influenza_A_virus_A_cattle_CA_25_000605_001_original_2025_H5N1_segment_4_hemagglutinin_HA_gene_complete_cds              0.18%    passed     98.99%
  12  PV218905_1_Influenza_A_virus_A_cattle_CA_25_001132_001_original_2025_H5N1_segment_4_hemagglutinin_HA_gene_complete_cds              0.18%    passed     99.25%
  13  PV218913_1_Influenza_A_virus_A_cattle_CA_25_001132_002_original_2025_H5N1_segment_4_hemagglutinin_HA_gene_complete_cds              0.18%    passed     99.50%
  14  PV218921_1_Influenza_A_virus_A_cattle_CA_25_001525_001_original_2025_H5N1_segment_4_hemagglutinin_HA_gene_complete_cds              0.18%    passed     98.58%
  15  PV218929_1_Influenza_A_virus_A_cattle_CA_25_001525_002_original_2025_H5N1_segment_4_hemagglutinin_HA_gene_complete_cds              0.18%    passed     98.10%
  16  PV792037_1_Influenza_A_virus_A_Duck_NY_25_012798_007_original_repeat_2025_H5N1_segment_4_hemagglutinin_HA_gene_complete_cds         0.18%    passed     99.83%
  17  PV792045_1_Influenza_A_virus_A_Duck_NY_25_013275_004_original_2025_H5N1_segment_4_hemagglutinin_HA_gene_complete_cds                0.18%    passed     99.83%
  18  PV709277_1_Influenza_A_virus_A_Duck_NY_25_012798_008_original_2025_H5N1_segment_4_hemagglutinin_HA_gene_complete_cds                0.18%    passed     99.59%
  19  PV336652_1_Influenza_A_virus_A_Common_Raven_CA_25_003340_001_original_2025_H5N1_segment_4_hemagglutinin_HA_gene_complete_cds        0.18%    passed     99.69%
  20  PV218193_1_Influenza_A_virus_A_Bald_Eagle_IA_25_001479_001_original_2025_H5N1_segment_4_hemagglutinin_HA_gene_complete_cds          0.18%    passed     99.92%
  21  PV218201_1_Influenza_A_virus_A_Bald_Eagle_IA_25_001479_002_original_2025_H5N1_segment_4_hemagglutinin_HA_gene_complete_cds          0.18%    passed     99.86%
  22  PV218209_1_Influenza_A_virus_A_Canada_Goose_IL_25_000616_002_original_2025_H5N1_segment_4_hemagglutinin_HA_gene_complete_cds        0.18%    passed     99.86%
  23  PV218225_1_Influenza_A_virus_A_Canada_Goose_IL_25_000616_004_original_2025_H5N1_segment_4_hemagglutinin_HA_gene_complete_cds        0.18%    passed     99.63%
  24  PV218233_1_Influenza_A_virus_A_Canada_Goose_IL_25_000616_005_original_2025_H5N1_segment_4_hemagglutinin_HA_gene_complete_cds        0.18%    passed     99.46%
  25  PV218249_1_Influenza_A_virus_A_Canada_Goose_IL_25_000616_007_original_2025_H5N1_segment_4_hemagglutinin_HA_gene_complete_cds        0.18%    passed     99.95%
  26  PV218265_1_Influenza_A_virus_A_Canada_Goose_IL_25_000616_010_original_2025_H5N1_segment_4_hemagglutinin_HA_gene_complete_cds        0.18%    passed     99.39%
  27  PV218273_1_Influenza_A_virus_A_Canada_Goose_IL_25_000616_011_original_2025_H5N1_segment_4_hemagglutinin_HA_gene_complete_cds        0.18%    passed     99.82%
  28  PV218281_1_Influenza_A_virus_A_Crane_VA_25_001494_001_original_2025_H5N1_segment_4_hemagglutinin_HA_gene_complete_cds               0.18%    passed     99.96%
  29  PV218289_1_Influenza_A_virus_A_Duck_IL_25_000617_002_original_2025_H5N1_segment_4_hemagglutinin_HA_gene_complete_cds                0.18%    passed     99.70%
  30  PV218321_1_Influenza_A_virus_A_Great_Horned_Owl_IA_25_000440_001_original_2025_H5N1_segment_4_hemagglutinin_HA_gene_complete_cds    0.18%    passed     99.46%
  31  PV218329_1_Influenza_A_virus_A_Guineafowl_TN_25_001531_002_original_2025_H5N1_segment_4_hemagglutinin_HA_gene_complete_cds          0.18%    passed     99.42%
  32  PV218369_1_Influenza_A_virus_A_Turkey_MN_25_001440_001_original_2025_H5N1_segment_4_hemagglutinin_HA_gene_complete_cds              0.18%    passed     99.42%
  33  PV218377_1_Influenza_A_virus_A_Turkey_MN_25_001440_002_original_2025_H5N1_segment_4_hemagglutinin_HA_gene_complete_cds              0.18%    passed     99.69%
  34  PV218385_1_Influenza_A_virus_A_Turkey_OH_25_001054_002_original_2025_H5N1_segment_4_hemagglutinin_HA_gene_complete_cds              0.18%    passed     99.63%
  35  PV218401_1_Influenza_A_virus_A_Turkey_OH_25_001057_002_original_2025_H5N1_segment_4_hemagglutinin_HA_gene_complete_cds              0.18%    passed     99.09%
  36  PV218529_1_Influenza_A_virus_A_Turkey_OH_25_001341_001_original_2025_H5N1_segment_4_hemagglutinin_HA_gene_complete_cds              0.18%    passed     99.68%
  37  PV218545_1_Influenza_A_virus_A_Wood_Duck_IL_25_001096_001_original_2025_H5N1_segment_4_hemagglutinin_HA_gene_complete_cds           0.18%    passed     99.70%
  38  PV219161_1_Influenza_A_virus_A_goose_IL_25_001560_004_original_2025_H5N1_segment_4_hemagglutinin_HA_gene_complete_cds               0.18%    passed     99.70%
  39  PV219185_1_Influenza_A_virus_A_goose_MD_25_001223_001_original_2025_H5N1_segment_4_hemagglutinin_HA_gene_complete_cds               0.18%    passed     99.69%
****  TOTAL                                                                                                                               0.18%  0 sequences failed composition chi2 test (p-value<5%; df=3)

Create initial parsimony tree by phylogenetic likelihood library (PLL)... 0.001 seconds

NOTE: 0 MB RAM (0 GB) is required!
Measuring multi-threading efficiency up to 6 CPU cores
Increase to 10 rounds for branch lengths
432 trees examined
Threads: 1 / Time: 6.010 sec / Speedup: 1.000 / Efficiency: 100% / LogL: -5278
Threads: 2 / Time: 5.345 sec / Speedup: 1.124 / Efficiency: 56% / LogL: -5278
Threads: 3 / Time: 5.043 sec / Speedup: 1.192 / Efficiency: 40% / LogL: -5278
BEST NUMBER OF THREADS: 2

Estimate model parameters (epsilon = 0.100)
Thoroughly optimizing +I+G parameters from 10 start values...
Init pinv, alpha: 0.000, 1.000 / Estimate: 0.000, 0.466 / LogL: -3176.265
Init pinv, alpha: 0.104, 1.000 / Estimate: 0.104, 0.591 / LogL: -3176.228
Init pinv, alpha: 0.207, 1.000 / Estimate: 0.207, 0.779 / LogL: -3176.200
Init pinv, alpha: 0.311, 1.000 / Estimate: 0.311, 1.080 / LogL: -3176.188
Init pinv, alpha: 0.414, 1.000 / Estimate: 0.414, 1.663 / LogL: -3176.208
Init pinv, alpha: 0.518, 1.000 / Estimate: 0.517, 3.133 / LogL: -3176.303
Init pinv, alpha: 0.621, 1.000 / Estimate: 0.620, 11.267 / LogL: -3176.599
Init pinv, alpha: 0.725, 1.000 / Estimate: 0.718, 998.409 / LogL: -3177.554
Init pinv, alpha: 0.828, 1.000 / Estimate: 0.749, 998.438 / LogL: -3178.292
Init pinv, alpha: 0.932, 1.000 / Estimate: 0.748, 998.444 / LogL: -3178.390
Optimal pinv,alpha: 0.311, 1.080 / LogL: -3176.188

Parameters optimization took 0.502 sec

WARNING: Estimated model parameters are at boundary that can cause numerical instability!

Wrote distance file to... 
Computing ML distances based on estimated model parameters...
Calculating distance matrix: done in 0.00509914 secs using 191.9% CPU
Computing ML distances took 0.005146 sec (of wall-clock time) 0.009832 sec (of CPU time)
Setting up auxiliary I and S matrices: done in 0.000230679 secs using 118.3% CPU
Computing RapidNJ tree took 0.002868 sec (of wall-clock time) 0.003698 sec (of CPU time)
Log-likelihood of RapidNJ tree: -3198.394
--------------------------------------------------------------------
|             INITIALIZING CANDIDATE TREE SET                      |
--------------------------------------------------------------------
Generating 98 parsimony trees... 0.115 second
Computing log-likelihood of 98 initial trees ... 0.134 seconds
Current best score: -3176.188

Do NNI search on 20 best initial trees
Estimate model parameters (epsilon = 0.100)

WARNING: Estimated model parameters are at boundary that can cause numerical instability!

BETTER TREE FOUND at iteration 1: -3176.188
BETTER TREE FOUND at iteration 2: -3176.188
BETTER TREE FOUND at iteration 5: -3176.188
BETTER TREE FOUND at iteration 6: -3176.188
Iteration 10 / LogL: -3176.188 / Time: 0h:0m:17s
BETTER TREE FOUND at iteration 11: -3176.188
Iteration 20 / LogL: -3176.188 / Time: 0h:0m:17s
Finish initializing candidate tree set (20)
Current best tree score: -3176.188 / CPU time: 0.407
Number of iterations: 20
--------------------------------------------------------------------
|               OPTIMIZING CANDIDATE TREE SET                      |
--------------------------------------------------------------------
Iteration 30 / LogL: -3176.192 / Time: 0h:0m:17s (0h:0m:49s left)
Iteration 40 / LogL: -3176.213 / Time: 0h:0m:18s (0h:0m:32s left)
Iteration 50 / LogL: -3182.508 / Time: 0h:0m:18s (0h:0m:22s left)
Iteration 60 / LogL: -3176.205 / Time: 0h:0m:18s (0h:0m:16s left)
Iteration 70 / LogL: -3176.207 / Time: 0h:0m:18s (0h:0m:11s left)
Iteration 80 / LogL: -3176.207 / Time: 0h:0m:19s (0h:0m:7s left)
Iteration 90 / LogL: -3184.825 / Time: 0h:0m:19s (0h:0m:4s left)
Iteration 100 / LogL: -3191.457 / Time: 0h:0m:19s (0h:0m:2s left)
Iteration 110 / LogL: -3181.584 / Time: 0h:0m:20s (0h:0m:0s left)
TREE SEARCH COMPLETED AFTER 112 ITERATIONS / Time: 0h:0m:20s

--------------------------------------------------------------------
|                    FINALIZING TREE SEARCH                        |
--------------------------------------------------------------------
Performs final model parameters optimization
Estimate model parameters (epsilon = 0.010)
1. Initial log-likelihood: -3176.188
Optimal log-likelihood: -3176.188
Rate parameters:  A-C: 7.61142  A-G: 60.76552  A-T: 8.16601  C-G: 0.00010  C-T: 99.99173  G-T: 1.00000
Warning! Some parameters hit the boundaries
Base frequencies:  A: 0.344  C: 0.189  G: 0.232  T: 0.235
Proportion of invariable sites: 0.311
Gamma shape alpha: 1.080
Parameters optimization took 1 rounds (0.008 sec)

WARNING: Estimated model parameters are at boundary that can cause numerical instability!

BEST SCORE FOUND : -3176.188
Total tree length: 0.076

Total number of iterations: 112
CPU time used for tree search: 6.298 sec (0h:0m:6s)
Wall-clock time used for tree search: 3.360 sec (0h:0m:3s)
Total CPU time used: 37.803 sec (0h:0m:37s)
Total wall-clock time used: 20.295 sec (0h:0m:20s)

Analysis results written to: 
  IQ-TREE report:                GCF_000864105.1_noTerminalStopCodon.part_lcl__NC_007362.1_cds_YP_308669.1_6.iqtree
  Maximum-likelihood tree:       GCF_000864105.1_noTerminalStopCodon.part_lcl__NC_007362.1_cds_YP_308669.1_6.treefile
  Likelihood distances:          GCF_000864105.1_noTerminalStopCodon.part_lcl__NC_007362.1_cds_YP_308669.1_6.mldist
  Screen log file:               GCF_000864105.1_noTerminalStopCodon.part_lcl__NC_007362.1_cds_YP_308669.1_6.log

Date and Time: Tue Aug  5 20:40:16 2025
