IQ-TREE multicore version 2.4.0 for Linux ARM 64-bit built Feb 12 2025
Developed by Bui Quang Minh, Nguyen Lam Tung, Olga Chernomor, Heiko Schmidt,
Dominik Schrempf, Michael Woodhams, Ly Trong Nhan, Thomas Wong

Host:    node0 (SSE4.2, 250 GB RAM)
Command: iqtree -s GCF_000864105.1_noTerminalStopCodon.part_lcl__NC_007364.1_cds_YP_308672.1_11-nodups.fasta -m GTR+I+G -pre GCF_000864105.1_noTerminalStopCodon.part_lcl__NC_007364.1_cds_YP_308672.1_11 -nt AUTO -ntmax 6 -mem 36GB
Seed:    702454 (Using SPRNG - Scalable Parallel Random Number Generator)
Time:    Tue Aug  5 20:39:50 2025
Kernel:  SSE2 - auto-detect threads (6 CPU cores detected)

Reading alignment file GCF_000864105.1_noTerminalStopCodon.part_lcl__NC_007364.1_cds_YP_308672.1_11-nodups.fasta ... Fasta format detected
Reading fasta file: done in 0.000173478 secs using 99.15% CPU
Alignment most likely contains DNA/RNA sequences
Alignment has 16 sequences with 363 columns, 26 distinct patterns
23 parsimony-informative, 9 singleton sites, 331 constant sites
                                                                                                                                                                             Gap/Ambiguity  Composition  p-value
Analyzing sequences: done in 0.000603557 secs using 399.8% CPU
   1  PV792033_1_Influenza_A_virus_A_cattle_ID_25_012907_001_original_2025_H5N1_segment_8_nuclear_export_protein_NEP_and_nonstructural_protein_1_NS1_genes_complete_cds              0.00%    passed     99.83%
   2  PV792281_1_Influenza_A_virus_A_cattle_CA_25_012917_001_original_2025_H5N1_segment_8_nuclear_export_protein_NEP_and_nonstructural_protein_1_NS1_genes_complete_cds              0.00%    passed     99.20%
   3  PV792417_1_Influenza_A_virus_A_cattle_ID_25_012902_003_original_2025_H5N1_segment_8_nuclear_export_protein_NEP_and_nonstructural_protein_1_NS1_genes_complete_cds              0.00%    passed     99.96%
   4  PV792449_1_Influenza_A_virus_A_cattle_ID_25_012902_007_original_2025_H5N1_segment_8_nuclear_export_protein_NEP_and_nonstructural_protein_1_NS1_genes_complete_cds              0.00%    passed     99.24%
   5  PV792537_1_Influenza_A_virus_A_cattle_ID_25_012952_001_original_2025_H5N1_segment_8_nuclear_export_protein_NEP_and_nonstructural_protein_1_NS1_genes_complete_cds              0.00%    passed     99.34%
   6  PV520595_1_Influenza_A_virus_A_cattle_Nevada_NV_7_2025_H5N1_segment_8_nuclear_export_protein_NEP_and_nonstructural_protein_1_NS1_genes_complete_cds                            0.00%    passed     99.47%
   7  PV218893_1_Influenza_A_virus_A_cattle_CA_25_000603_001_original_2025_H5N1_segment_8_nuclear_export_protein_NEP_and_nonstructural_protein_1_NS1_genes_complete_cds              0.00%    passed     99.96%
   8  PV218901_1_Influenza_A_virus_A_cattle_CA_25_000605_001_original_2025_H5N1_segment_8_nuclear_export_protein_NEP_and_nonstructural_protein_1_NS1_genes_complete_cds              0.00%    passed     99.47%
   9  PV218909_1_Influenza_A_virus_A_cattle_CA_25_001132_001_original_2025_H5N1_segment_8_nuclear_export_protein_NEP_and_nonstructural_protein_1_NS1_genes_complete_cds              0.00%    passed     99.83%
  10  PV336656_1_Influenza_A_virus_A_Common_Raven_CA_25_003340_001_original_2025_H5N1_segment_8_nuclear_export_protein_NEP_and_nonstructural_protein_1_NS1_genes_complete_cds        0.00%    passed     99.84%
  11  PV218205_1_Influenza_A_virus_A_Bald_Eagle_IA_25_001479_002_original_2025_H5N1_segment_8_nuclear_export_protein_NEP_and_nonstructural_protein_1_NS1_genes_complete_cds          0.00%    passed     99.86%
  12  PV218229_1_Influenza_A_virus_A_Canada_Goose_IL_25_000616_004_original_2025_H5N1_segment_8_nuclear_export_protein_NEP_and_nonstructural_protein_1_NS1_genes_complete_cds        0.00%    passed     99.84%
  13  PV218277_1_Influenza_A_virus_A_Canada_Goose_IL_25_000616_011_original_2025_H5N1_segment_8_nuclear_export_protein_NEP_and_nonstructural_protein_1_NS1_genes_complete_cds        0.00%    passed     99.54%
  14  PV218325_1_Influenza_A_virus_A_Great_Horned_Owl_IA_25_000440_001_original_2025_H5N1_segment_8_nuclear_export_protein_NEP_and_nonstructural_protein_1_NS1_genes_complete_cds    0.00%    passed     98.85%
  15  PV218389_1_Influenza_A_virus_A_Turkey_OH_25_001054_002_original_2025_H5N1_segment_8_nuclear_export_protein_NEP_and_nonstructural_protein_1_NS1_genes_complete_cds              0.00%    passed     99.97%
  16  PV219189_1_Influenza_A_virus_A_goose_MD_25_001223_001_original_2025_H5N1_segment_8_nuclear_export_protein_NEP_and_nonstructural_protein_1_NS1_genes_complete_cds               0.00%    passed     99.84%
****  TOTAL                                                                                                                                                                          0.00%  0 sequences failed composition chi2 test (p-value<5%; df=3)

Create initial parsimony tree by phylogenetic likelihood library (PLL)... 0.001 seconds

NOTE: 0 MB RAM (0 GB) is required!
Measuring multi-threading efficiency up to 6 CPU cores
Increase to 10 rounds for branch lengths
3105 trees examined
Threads: 1 / Time: 6.000 sec / Speedup: 1.000 / Efficiency: 100% / LogL: -1080
Threads: 2 / Time: 6.804 sec / Speedup: 0.882 / Efficiency: 44% / LogL: -1080
BEST NUMBER OF THREADS: 1

Estimate model parameters (epsilon = 0.100)
Thoroughly optimizing +I+G parameters from 10 start values...
Init pinv, alpha: 0.000, 1.000 / Estimate: 0.000, 0.020 / LogL: -706.292
Init pinv, alpha: 0.101, 1.000 / Estimate: 0.101, 0.020 / LogL: -706.190
Init pinv, alpha: 0.203, 1.000 / Estimate: 0.202, 0.114 / LogL: -706.169
Init pinv, alpha: 0.304, 1.000 / Estimate: 0.303, 0.182 / LogL: -706.160
Init pinv, alpha: 0.405, 1.000 / Estimate: 0.403, 0.270 / LogL: -706.158
Init pinv, alpha: 0.507, 1.000 / Estimate: 0.505, 0.421 / LogL: -706.161
Init pinv, alpha: 0.608, 1.000 / Estimate: 0.607, 0.708 / LogL: -706.167
Init pinv, alpha: 0.709, 1.000 / Estimate: 0.709, 1.690 / LogL: -706.172
Init pinv, alpha: 0.811, 1.000 / Estimate: 0.805, 998.387 / LogL: -706.224
Init pinv, alpha: 0.912, 1.000 / Estimate: 0.823, 998.442 / LogL: -706.367
Optimal pinv,alpha: 0.403, 0.270 / LogL: -706.158

Parameters optimization took 0.174 sec

WARNING: Estimated model parameters are at boundary that can cause numerical instability!

Wrote distance file to... 
Computing ML distances based on estimated model parameters...
Calculating distance matrix: done in 0.00147831 secs using 91.93% CPU
Computing ML distances took 0.001523 sec (of wall-clock time) 0.001401 sec (of CPU time)
Setting up auxiliary I and S matrices: done in 3.49199e-05 secs using 91.64% CPU
Computing RapidNJ tree took 0.000128 sec (of wall-clock time) 0.000139 sec (of CPU time)
Log-likelihood of RapidNJ tree: -705.683
--------------------------------------------------------------------
|             INITIALIZING CANDIDATE TREE SET                      |
--------------------------------------------------------------------
Generating 98 parsimony trees... 0.028 second
Computing log-likelihood of 98 initial trees ... 0.034 seconds
Current best score: -705.609

Do NNI search on 20 best initial trees
Estimate model parameters (epsilon = 0.100)

WARNING: Estimated model parameters are at boundary that can cause numerical instability!

BETTER TREE FOUND at iteration 1: -705.439
BETTER TREE FOUND at iteration 3: -705.439
BETTER TREE FOUND at iteration 6: -705.439
BETTER TREE FOUND at iteration 9: -705.439
BETTER TREE FOUND at iteration 10: -705.439
Iteration 10 / LogL: -705.439 / Time: 0h:0m:13s
Iteration 20 / LogL: -705.439 / Time: 0h:0m:13s
Finish initializing candidate tree set (20)
Current best tree score: -705.439 / CPU time: 0.131
Number of iterations: 20
--------------------------------------------------------------------
|               OPTIMIZING CANDIDATE TREE SET                      |
--------------------------------------------------------------------
Estimate model parameters (epsilon = 0.100)

WARNING: Estimated model parameters are at boundary that can cause numerical instability!

BETTER TREE FOUND at iteration 23: -705.227
BETTER TREE FOUND at iteration 25: -705.227
Iteration 30 / LogL: -705.521 / Time: 0h:0m:13s (0h:0m:43s left)
Iteration 40 / LogL: -705.229 / Time: 0h:0m:13s (0h:0m:28s left)
Iteration 50 / LogL: -705.227 / Time: 0h:0m:13s (0h:0m:20s left)
Iteration 60 / LogL: -705.523 / Time: 0h:0m:13s (0h:0m:14s left)
Iteration 70 / LogL: -709.634 / Time: 0h:0m:13s (0h:0m:10s left)
BETTER TREE FOUND at iteration 75: -705.227
Iteration 80 / LogL: -705.523 / Time: 0h:0m:13s (0h:0m:16s left)
Iteration 90 / LogL: -705.228 / Time: 0h:0m:13s (0h:0m:12s left)
Iteration 100 / LogL: -705.493 / Time: 0h:0m:13s (0h:0m:10s left)
BETTER TREE FOUND at iteration 108: -705.227
BETTER TREE FOUND at iteration 109: -705.227
Iteration 110 / LogL: -705.229 / Time: 0h:0m:13s (0h:0m:12s left)
BETTER TREE FOUND at iteration 118: -705.227
Iteration 120 / LogL: -705.227 / Time: 0h:0m:13s (0h:0m:11s left)
Iteration 130 / LogL: -705.490 / Time: 0h:0m:13s (0h:0m:9s left)
BETTER TREE FOUND at iteration 138: -705.227
Iteration 140 / LogL: -705.227 / Time: 0h:0m:13s (0h:0m:9s left)
UPDATE BEST LOG-LIKELIHOOD: -705.227
BETTER TREE FOUND at iteration 148: -705.227
Iteration 150 / LogL: -705.609 / Time: 0h:0m:13s (0h:0m:9s left)
Iteration 160 / LogL: -757.341 / Time: 0h:0m:13s (0h:0m:7s left)
Iteration 170 / LogL: -705.610 / Time: 0h:0m:13s (0h:0m:6s left)
Iteration 180 / LogL: -705.228 / Time: 0h:0m:14s (0h:0m:5s left)
Iteration 190 / LogL: -705.227 / Time: 0h:0m:14s (0h:0m:4s left)
Iteration 200 / LogL: -705.491 / Time: 0h:0m:14s (0h:0m:3s left)
Iteration 210 / LogL: -706.248 / Time: 0h:0m:14s (0h:0m:2s left)
Iteration 220 / LogL: -705.228 / Time: 0h:0m:14s (0h:0m:1s left)
Iteration 230 / LogL: -705.227 / Time: 0h:0m:14s (0h:0m:1s left)
Iteration 240 / LogL: -705.227 / Time: 0h:0m:14s (0h:0m:0s left)
BETTER TREE FOUND at iteration 248: -705.227
Iteration 250 / LogL: -705.523 / Time: 0h:0m:14s (0h:0m:5s left)
Iteration 260 / LogL: -706.221 / Time: 0h:0m:14s (0h:0m:4s left)
Iteration 270 / LogL: -705.491 / Time: 0h:0m:14s (0h:0m:4s left)
Iteration 280 / LogL: -705.227 / Time: 0h:0m:14s (0h:0m:3s left)
Iteration 290 / LogL: -705.523 / Time: 0h:0m:14s (0h:0m:2s left)
Iteration 300 / LogL: -705.227 / Time: 0h:0m:14s (0h:0m:2s left)
Iteration 310 / LogL: -705.228 / Time: 0h:0m:14s (0h:0m:1s left)
Iteration 320 / LogL: -705.227 / Time: 0h:0m:14s (0h:0m:1s left)
UPDATE BEST LOG-LIKELIHOOD: -705.227
Iteration 330 / LogL: -705.227 / Time: 0h:0m:14s (0h:0m:0s left)
Iteration 340 / LogL: -705.227 / Time: 0h:0m:14s (0h:0m:0s left)
UPDATE BEST LOG-LIKELIHOOD: -705.227
TREE SEARCH COMPLETED AFTER 349 ITERATIONS / Time: 0h:0m:14s

--------------------------------------------------------------------
|                    FINALIZING TREE SEARCH                        |
--------------------------------------------------------------------
Performs final model parameters optimization
Estimate model parameters (epsilon = 0.010)
1. Initial log-likelihood: -705.227
Optimal log-likelihood: -705.225
Rate parameters:  A-C: 12.33614  A-G: 100.00000  A-T: 6.30393  C-G: 0.00010  C-T: 63.22972  G-T: 1.00000
Warning! Some parameters hit the boundaries
Base frequencies:  A: 0.344  C: 0.181  G: 0.234  T: 0.241
Proportion of invariable sites: 0.406
Gamma shape alpha: 0.260
Parameters optimization took 1 rounds (0.004 sec)

WARNING: Estimated model parameters are at boundary that can cause numerical instability!

BEST SCORE FOUND : -705.225
Total tree length: 0.131

Total number of iterations: 349
CPU time used for tree search: 1.809 sec (0h:0m:1s)
Wall-clock time used for tree search: 1.957 sec (0h:0m:1s)
Total CPU time used: 20.026 sec (0h:0m:20s)
Total wall-clock time used: 14.958 sec (0h:0m:14s)

Analysis results written to: 
  IQ-TREE report:                GCF_000864105.1_noTerminalStopCodon.part_lcl__NC_007364.1_cds_YP_308672.1_11.iqtree
  Maximum-likelihood tree:       GCF_000864105.1_noTerminalStopCodon.part_lcl__NC_007364.1_cds_YP_308672.1_11.treefile
  Likelihood distances:          GCF_000864105.1_noTerminalStopCodon.part_lcl__NC_007364.1_cds_YP_308672.1_11.mldist
  Screen log file:               GCF_000864105.1_noTerminalStopCodon.part_lcl__NC_007364.1_cds_YP_308672.1_11.log

Date and Time: Tue Aug  5 20:40:05 2025
