IQ-TREE multicore version 2.4.0 for Linux ARM 64-bit built Feb 12 2025
Developed by Bui Quang Minh, Nguyen Lam Tung, Olga Chernomor, Heiko Schmidt,
Dominik Schrempf, Michael Woodhams, Ly Trong Nhan, Thomas Wong

Host:    node0 (SSE4.2, 250 GB RAM)
Command: iqtree -s GCF_000864105.1_noTerminalStopCodon.part_lcl__NC_007359.1_cds_YP_308666.1_4-nodups.fasta -m GTR+I+G -pre GCF_000864105.1_noTerminalStopCodon.part_lcl__NC_007359.1_cds_YP_308666.1_4 -nt AUTO -ntmax 6 -mem 36GB
Seed:    745686 (Using SPRNG - Scalable Parallel Random Number Generator)
Time:    Tue Aug  5 20:40:20 2025
Kernel:  SSE2 - auto-detect threads (6 CPU cores detected)

Reading alignment file GCF_000864105.1_noTerminalStopCodon.part_lcl__NC_007359.1_cds_YP_308666.1_4-nodups.fasta ... Fasta format detected
Reading fasta file: done in 0.00170959 secs using 87.56% CPU
Alignment most likely contains DNA/RNA sequences
Alignment has 37 sequences with 2148 columns, 108 distinct patterns
283 parsimony-informative, 47 singleton sites, 1818 constant sites
                                                                                                                                                         Gap/Ambiguity  Composition  p-value
Analyzing sequences: done in 0.000626797 secs using 441.9% CPU
   1  PV792028_1_Influenza_A_virus_A_cattle_ID_25_012907_001_original_2025_H5N1_segment_3_polymerase_PA_PA_and_PA_X_protein_PA_X_genes_complete_cds              0.00%    passed     99.86%
   2  PV792276_1_Influenza_A_virus_A_cattle_CA_25_012917_001_original_2025_H5N1_segment_3_polymerase_PA_PA_and_PA_X_protein_PA_X_genes_complete_cds              0.00%    passed     99.21%
   3  PV792396_1_Influenza_A_virus_A_cattle_ID_25_012902_001_original_2025_H5N1_segment_3_polymerase_PA_PA_and_PA_X_protein_PA_X_genes_complete_cds              0.00%    passed     99.67%
   4  PV792404_1_Influenza_A_virus_A_cattle_ID_25_012902_002_original_2025_H5N1_segment_3_polymerase_PA_PA_and_PA_X_protein_PA_X_genes_complete_cds              0.00%    passed     99.68%
   5  PV792412_1_Influenza_A_virus_A_cattle_ID_25_012902_003_original_2025_H5N1_segment_3_polymerase_PA_PA_and_PA_X_protein_PA_X_genes_complete_cds              0.00%    passed     99.71%
   6  PV792444_1_Influenza_A_virus_A_cattle_ID_25_012902_007_original_2025_H5N1_segment_3_polymerase_PA_PA_and_PA_X_protein_PA_X_genes_complete_cds              0.00%    passed     99.43%
   7  PV792492_1_Influenza_A_virus_A_cattle_ID_25_012906_001_original_2025_H5N1_segment_3_polymerase_PA_PA_and_PA_X_protein_PA_X_genes_complete_cds              0.00%    passed     99.69%
   8  PV792500_1_Influenza_A_virus_A_cattle_ID_25_012909_001_original_2025_H5N1_segment_3_polymerase_PA_PA_and_PA_X_protein_PA_X_genes_complete_cds              0.00%    passed     99.86%
   9  PV520599_1_Influenza_A_virus_A_cattle_Nevada_NV_7_2025_H5N1_segment_3_polymerase_PA_PA_and_PA_X_protein_PA_X_genes_complete_cds                            0.00%    passed     99.97%
  10  PV218888_1_Influenza_A_virus_A_cattle_CA_25_000603_001_original_2025_H5N1_segment_3_polymerase_PA_PA_and_PA_X_protein_PA_X_genes_complete_cds              0.00%    passed     97.88%
  11  PV218896_1_Influenza_A_virus_A_cattle_CA_25_000605_001_original_2025_H5N1_segment_3_polymerase_PA_PA_and_PA_X_protein_PA_X_genes_complete_cds              0.00%    passed     98.33%
  12  PV218904_1_Influenza_A_virus_A_cattle_CA_25_001132_001_original_2025_H5N1_segment_3_polymerase_PA_PA_and_PA_X_protein_PA_X_genes_complete_cds              0.00%    passed     98.84%
  13  PV218920_1_Influenza_A_virus_A_cattle_CA_25_001525_001_original_2025_H5N1_segment_3_polymerase_PA_PA_and_PA_X_protein_PA_X_genes_complete_cds              0.00%    passed     99.65%
  14  PV218928_1_Influenza_A_virus_A_cattle_CA_25_001525_002_original_2025_H5N1_segment_3_polymerase_PA_PA_and_PA_X_protein_PA_X_genes_complete_cds              0.00%    passed     99.43%
  15  PV792036_1_Influenza_A_virus_A_Duck_NY_25_012798_007_original_repeat_2025_H5N1_segment_3_polymerase_PA_PA_and_PA_X_protein_PA_X_genes_complete_cds         0.00%    passed     99.17%
  16  PV336651_1_Influenza_A_virus_A_Common_Raven_CA_25_003340_001_original_2025_H5N1_segment_3_polymerase_PA_PA_and_PA_X_protein_PA_X_genes_complete_cds        0.00%    passed     99.98%
  17  PV218192_1_Influenza_A_virus_A_Bald_Eagle_IA_25_001479_001_original_2025_H5N1_segment_3_polymerase_PA_PA_and_PA_X_protein_PA_X_genes_complete_cds          0.00%    passed     99.92%
  18  PV218200_1_Influenza_A_virus_A_Bald_Eagle_IA_25_001479_002_original_2025_H5N1_segment_3_polymerase_PA_PA_and_PA_X_protein_PA_X_genes_complete_cds          0.00%    passed     99.10%
  19  PV218208_1_Influenza_A_virus_A_Canada_Goose_IL_25_000616_002_original_2025_H5N1_segment_3_polymerase_PA_PA_and_PA_X_protein_PA_X_genes_complete_cds        0.00%    passed     99.87%
  20  PV218224_1_Influenza_A_virus_A_Canada_Goose_IL_25_000616_004_original_2025_H5N1_segment_3_polymerase_PA_PA_and_PA_X_protein_PA_X_genes_complete_cds        0.00%    passed     99.97%
  21  PV218232_1_Influenza_A_virus_A_Canada_Goose_IL_25_000616_005_original_2025_H5N1_segment_3_polymerase_PA_PA_and_PA_X_protein_PA_X_genes_complete_cds        0.00%    passed     99.99%
  22  PV218248_1_Influenza_A_virus_A_Canada_Goose_IL_25_000616_007_original_2025_H5N1_segment_3_polymerase_PA_PA_and_PA_X_protein_PA_X_genes_complete_cds        0.00%    passed     99.92%
  23  PV218264_1_Influenza_A_virus_A_Canada_Goose_IL_25_000616_010_original_2025_H5N1_segment_3_polymerase_PA_PA_and_PA_X_protein_PA_X_genes_complete_cds        0.00%    passed     99.78%
  24  PV218272_1_Influenza_A_virus_A_Canada_Goose_IL_25_000616_011_original_2025_H5N1_segment_3_polymerase_PA_PA_and_PA_X_protein_PA_X_genes_complete_cds        0.00%    passed     97.01%
  25  PV218280_1_Influenza_A_virus_A_Crane_VA_25_001494_001_original_2025_H5N1_segment_3_polymerase_PA_PA_and_PA_X_protein_PA_X_genes_complete_cds               0.00%    passed     99.70%
  26  PV218288_1_Influenza_A_virus_A_Duck_IL_25_000617_002_original_2025_H5N1_segment_3_polymerase_PA_PA_and_PA_X_protein_PA_X_genes_complete_cds                0.00%    passed     99.59%
  27  PV218296_1_Influenza_A_virus_A_Duck_IL_25_000618_002_original_2025_H5N1_segment_3_polymerase_PA_PA_and_PA_X_protein_PA_X_genes_complete_cds                0.00%    passed     99.40%
  28  PV218320_1_Influenza_A_virus_A_Great_Horned_Owl_IA_25_000440_001_original_2025_H5N1_segment_3_polymerase_PA_PA_and_PA_X_protein_PA_X_genes_complete_cds    0.00%    passed     99.61%
  29  PV218328_1_Influenza_A_virus_A_Guineafowl_TN_25_001531_002_original_2025_H5N1_segment_3_polymerase_PA_PA_and_PA_X_protein_PA_X_genes_complete_cds          0.00%    passed     99.75%
  30  PV218368_1_Influenza_A_virus_A_Turkey_MN_25_001440_001_original_2025_H5N1_segment_3_polymerase_PA_PA_and_PA_X_protein_PA_X_genes_complete_cds              0.00%    passed     99.68%
  31  PV218384_1_Influenza_A_virus_A_Turkey_OH_25_001054_002_original_2025_H5N1_segment_3_polymerase_PA_PA_and_PA_X_protein_PA_X_genes_complete_cds              0.00%    passed     99.97%
  32  PV218392_1_Influenza_A_virus_A_Turkey_OH_25_001057_001_original_2025_H5N1_segment_3_polymerase_PA_PA_and_PA_X_protein_PA_X_genes_complete_cds              0.00%    passed     99.91%
  33  PV218480_1_Influenza_A_virus_A_Turkey_OH_25_001337_001_original_2025_H5N1_segment_3_polymerase_PA_PA_and_PA_X_protein_PA_X_genes_complete_cds              0.00%    passed     99.98%
  34  PV218544_1_Influenza_A_virus_A_Wood_Duck_IL_25_001096_001_original_2025_H5N1_segment_3_polymerase_PA_PA_and_PA_X_protein_PA_X_genes_complete_cds           0.00%    passed     99.61%
  35  PV219160_1_Influenza_A_virus_A_goose_IL_25_001560_004_original_2025_H5N1_segment_3_polymerase_PA_PA_and_PA_X_protein_PA_X_genes_complete_cds               0.00%    passed     99.40%
  36  PV219168_1_Influenza_A_virus_A_goose_IL_25_001560_005_original_2025_H5N1_segment_3_polymerase_PA_PA_and_PA_X_protein_PA_X_genes_complete_cds               0.00%    passed     99.42%
  37  PV219184_1_Influenza_A_virus_A_goose_MD_25_001223_001_original_2025_H5N1_segment_3_polymerase_PA_PA_and_PA_X_protein_PA_X_genes_complete_cds               0.00%    passed     99.87%
****  TOTAL                                                                                                                                                      0.00%  0 sequences failed composition chi2 test (p-value<5%; df=3)

Create initial parsimony tree by phylogenetic likelihood library (PLL)... 0.001 seconds

NOTE: 0 MB RAM (0 GB) is required!
Measuring multi-threading efficiency up to 6 CPU cores
Increase to 10 rounds for branch lengths
370 trees examined
Threads: 1 / Time: 6.001 sec / Speedup: 1.000 / Efficiency: 100% / LogL: -10744
Threads: 2 / Time: 5.105 sec / Speedup: 1.176 / Efficiency: 59% / LogL: -10744
Threads: 3 / Time: 4.610 sec / Speedup: 1.302 / Efficiency: 43% / LogL: -10744
BEST NUMBER OF THREADS: 2

Estimate model parameters (epsilon = 0.100)
Thoroughly optimizing +I+G parameters from 10 start values...
Init pinv, alpha: 0.000, 1.000 / Estimate: 0.000, 0.651 / LogL: -4801.409
Init pinv, alpha: 0.094, 1.000 / Estimate: 0.094, 0.815 / LogL: -4801.371
Init pinv, alpha: 0.188, 1.000 / Estimate: 0.188, 1.060 / LogL: -4801.345
Init pinv, alpha: 0.282, 1.000 / Estimate: 0.283, 1.467 / LogL: -4801.405
Init pinv, alpha: 0.376, 1.000 / Estimate: 0.377, 2.422 / LogL: -4801.556
Init pinv, alpha: 0.470, 1.000 / Estimate: 0.472, 5.746 / LogL: -4801.917
Init pinv, alpha: 0.564, 1.000 / Estimate: 0.563, 998.299 / LogL: -4802.693
Init pinv, alpha: 0.658, 1.000 / Estimate: 0.589, 998.403 / LogL: -4803.058
Init pinv, alpha: 0.752, 1.000 / Estimate: 0.588, 998.433 / LogL: -4803.042
Init pinv, alpha: 0.846, 1.000 / Estimate: 0.589, 998.437 / LogL: -4803.106
Optimal pinv,alpha: 0.188, 1.060 / LogL: -4801.345

Parameters optimization took 1.143 sec
Wrote distance file to... 
Computing ML distances based on estimated model parameters...
Calculating distance matrix: done in 0.00387058 secs using 195% CPU
Computing ML distances took 0.003951 sec (of wall-clock time) 0.007628 sec (of CPU time)
Setting up auxiliary I and S matrices: done in 0.0002714 secs using 141.1% CPU
Computing RapidNJ tree took 0.002938 sec (of wall-clock time) 0.003821 sec (of CPU time)
Log-likelihood of RapidNJ tree: -4807.613
--------------------------------------------------------------------
|             INITIALIZING CANDIDATE TREE SET                      |
--------------------------------------------------------------------
Generating 98 parsimony trees... 0.118 second
Computing log-likelihood of 98 initial trees ... 0.157 seconds
Current best score: -4801.345

Do NNI search on 20 best initial trees
Estimate model parameters (epsilon = 0.100)
BETTER TREE FOUND at iteration 1: -4801.319
Estimate model parameters (epsilon = 0.100)
BETTER TREE FOUND at iteration 2: -4801.293
Iteration 10 / LogL: -4801.300 / Time: 0h:0m:17s
Iteration 20 / LogL: -4801.300 / Time: 0h:0m:17s
Finish initializing candidate tree set (20)
Current best tree score: -4801.293 / CPU time: 0.689
Number of iterations: 20
--------------------------------------------------------------------
|               OPTIMIZING CANDIDATE TREE SET                      |
--------------------------------------------------------------------
Iteration 30 / LogL: -4801.300 / Time: 0h:0m:17s (0h:0m:44s left)
Iteration 40 / LogL: -4801.312 / Time: 0h:0m:18s (0h:0m:29s left)
Iteration 50 / LogL: -4801.318 / Time: 0h:0m:18s (0h:0m:19s left)
Iteration 60 / LogL: -4801.329 / Time: 0h:0m:18s (0h:0m:13s left)
Iteration 70 / LogL: -4801.311 / Time: 0h:0m:19s (0h:0m:8s left)
Iteration 80 / LogL: -4801.333 / Time: 0h:0m:19s (0h:0m:5s left)
Iteration 90 / LogL: -4801.321 / Time: 0h:0m:20s (0h:0m:2s left)
Iteration 100 / LogL: -4807.491 / Time: 0h:0m:20s (0h:0m:0s left)
TREE SEARCH COMPLETED AFTER 103 ITERATIONS / Time: 0h:0m:20s

--------------------------------------------------------------------
|                    FINALIZING TREE SEARCH                        |
--------------------------------------------------------------------
Performs final model parameters optimization
Estimate model parameters (epsilon = 0.010)
1. Initial log-likelihood: -4801.293
Optimal log-likelihood: -4801.284
Rate parameters:  A-C: 3.15949  A-G: 20.25998  A-T: 1.83177  C-G: 0.00010  C-T: 26.79158  G-T: 1.00000
Warning! Some parameters hit the boundaries
Base frequencies:  A: 0.329  C: 0.202  G: 0.243  T: 0.226
Proportion of invariable sites: 0.188
Gamma shape alpha: 1.051
Parameters optimization took 1 rounds (0.019 sec)
BEST SCORE FOUND : -4801.284
Total tree length: 0.197

Total number of iterations: 103
CPU time used for tree search: 6.911 sec (0h:0m:6s)
Wall-clock time used for tree search: 3.708 sec (0h:0m:3s)
Total CPU time used: 38.349 sec (0h:0m:38s)
Total wall-clock time used: 20.617 sec (0h:0m:20s)

Analysis results written to: 
  IQ-TREE report:                GCF_000864105.1_noTerminalStopCodon.part_lcl__NC_007359.1_cds_YP_308666.1_4.iqtree
  Maximum-likelihood tree:       GCF_000864105.1_noTerminalStopCodon.part_lcl__NC_007359.1_cds_YP_308666.1_4.treefile
  Likelihood distances:          GCF_000864105.1_noTerminalStopCodon.part_lcl__NC_007359.1_cds_YP_308666.1_4.mldist
  Screen log file:               GCF_000864105.1_noTerminalStopCodon.part_lcl__NC_007359.1_cds_YP_308666.1_4.log

Date and Time: Tue Aug  5 20:40:41 2025
