[2025-08-05 21:47:17,407] root                                               [DEBUG  ]  Logging to file: /tmp/tmp7phzd0s_/multiqc.log
[2025-08-05 21:47:17,408] multiqc.core.update_config                         [DEBUG  ]  This is MultiQC v1.29
[2025-08-05 21:47:17,408] multiqc.core.update_config                         [DEBUG  ]  Running Python 3.13.3 | packaged by conda-forge | (main, Apr 14 2025, 20:32:55) [GCC 13.3.0]
[2025-08-05 21:47:17,580] multiqc.config                                     [INFO   ]  Loading config settings from: multiqc_config.yml
[2025-08-05 21:47:17,581] multiqc.config                                     [DEBUG  ]  New config: {'report_comment': 'This report has been generated by the <a href="https://github.com/veg/CAPHEINE/releases/tag/1.1" target="_blank">CAPHEINE</a> analysis pipeline.\n', 'report_section_order': {'nf-core-capheine-methods-description': {'order': -1000}, 'software_versions': {'order': -1001}, 'nf-core-capheine-summary': {'order': -1002}}, 'export_plots': True, 'disable_version_detection': True}
[2025-08-05 21:47:17,584] urllib3.connectionpool                             [DEBUG  ]  Starting new HTTPS connection (1): api.multiqc.info:443
[2025-08-05 21:47:17,584] multiqc.core.version_check                         [DEBUG  ]  Could not connect to multiqc.info for version check: HTTPSConnectionPool(host='api.multiqc.info', port=443): Max retries exceeded with url: /version?version_multiqc=1.29&version_python=3.13.3&operating_system=Linux&is_docker=False&is_singularity=False&is_conda=True&is_ci=False&is_notebook=False&ai_summary=False&ai_summary_full=False&ai_provider=seqera (Caused by NameResolutionError("<urllib3.connection.HTTPSConnection object at 0x400027968d70>: Failed to resolve 'api.multiqc.info' ([Errno -2] Name or service not known)"))
[2025-08-05 21:47:17,584] multiqc.multiqc                                    [DEBUG  ]  Working dir : /home/hverdonk/work/d0/f047030769ca05e2ee144a56b1856f
[2025-08-05 21:47:17,584] multiqc.multiqc                                    [DEBUG  ]  Template    : default
[2025-08-05 21:47:17,584] multiqc.multiqc                                    [DEBUG  ]  Command used: /home/hverdonk/miniforge3/envs/CAPHEINE/bin/multiqc --force --config multiqc_config.yml .
[2025-08-05 21:47:17,584] multiqc.core.file_search                           [INFO   ]  Search path: /home/hverdonk/work/d0/f047030769ca05e2ee144a56b1856f
[2025-08-05 21:47:17,585] multiqc.core.file_search                           [DEBUG  ]  Analysing modules: bases2fastq, cellranger_arc, cells2stats, custom_content, ccs, ngsderive, purple, conpair, isoseq, lima, peddy, percolator, haplocheck, somalier, methylqa, mosdepth, phantompeakqualtools, qualimap, bamdst, preseq, hifiasm, quast, qorts, rna_seqc, rockhopper, rsem, rseqc, busco, checkm, bustools, goleft_indexcov, gffcompare, disambiguate, supernova, deeptools, sargasso, verifybamid, mirtrace, happy, mirtop, glimpse, gopeaks, homer, hops, macs2, theta2, snpeff, gatk, htseq, bcftools, featurecounts, fgbio, dragen, dragen_fastqc, dedup, pbmarkdup, damageprofiler, mapdamage, biobambam2, jcvi, mtnucratio, picard, vep, bakta, prokka, checkm2, qc3C, nanoq, nanostat, samblaster, samtools, bamtools, sambamba, ngsbits, pairtools, sexdeterrmine, seqera_cli, eigenstratdatabasetools, jellyfish, vcftools, longranger, stacks, varscan2, snippy, umicollapse, umitools, truvari, megahit, ganon, gtdbtk, bbmap, bismark, biscuit, diamond, hicexplorer, hicup, hicpro, salmon, kallisto, slamdunk, star, hisat2, tophat, bowtie2, bowtie1, hostile, cellranger, snpsplit, odgi, vg, pangolin, nextclade, freyja, humid, kat, leehom, librarian, nonpareil, adapterremoval, bbduk, clipandmerge, cutadapt, flexbar, sourmash, kaiju, kraken, malt, motus, trimmomatic, sickle, skewer, sortmerna, biobloomtools, fastq_screen, afterqc, fastp, fastqc, sequali, filtlong, prinseqplusplus, pychopper, porechop, pycoqc, minionqc, anglerfish, multivcfanalyzer, clusterflow, checkqc, bcl2fastq, bclconvert, interop, ivar, flash, seqyclean, optitype, whatshap, spaceranger, xenome, xengsort, metaphlan, seqwho, telseq, ataqv, mgikit, mosaicatcher, software_versions
[2025-08-05 21:47:17,585] multiqc.core.file_search                           [DEBUG  ]  Search keys: adapterremoval, afterqc, anglerfish, ataqv, bakta, bamdst, bamtools, bases2fastq, bbduk, bbmap, bcftools, bcl2fastq, bclconvert, biobambam2, biobloomtools, biscuit, bismark, bowtie1, bowtie2, busco, bustools, ccs, cellranger, cellranger_arc, cells2stats, checkm, checkm2, checkqc, clipandmerge, clusterflow, conpair, custom_content, cutadapt, damageprofiler, dedup, deeptools, diamond, disambiguate, dragen, dragen_fastqc, eigenstratdatabasetools, fastp, fastq_screen, fastqc, featurecounts, fgbio, filtlong, flash, flexbar, freyja, ganon, gatk, gffcompare, glimpse, goleft_indexcov, gopeaks, gtdbtk, haplocheck, happy, hicexplorer, hicpro, hicup, hifiasm, hisat2, homer, hops, hostile, htseq, humid, interop, isoseq, ivar, jcvi, jellyfish, kaiju, kallisto, kat, kraken, leehom, librarian, lima, longranger, macs2, malt, mapdamage, megahit, metaphlan, methylqa, mgikit, minionqc, mirtop, mirtrace, mosaicatcher, mosdepth, motus, mtnucratio, multiqc_data, multivcfanalyzer, nanoq, nanostat, nextclade, ngsbits, ngsderive, nonpareil, odgi, optitype, pairtools, pangolin, pbmarkdup, peddy, percolator, phantompeakqualtools, picard, porechop, preseq, prinseqplusplus, prokka, purple, pychopper, pycoqc, qc3C, qorts, qualimap, quast, rna_seqc, rockhopper, rsem, rseqc, salmon, sambamba, samblaster, samtools, sargasso, seqera_cli, sequali, seqwho, seqyclean, sexdeterrmine, sickle, skewer, slamdunk, snippy, snpeff, snpsplit, software_versions, somalier, sortmerna, sourmash, spaceranger, stacks, star, supernova, telseq, theta2, tophat, trimmomatic, truvari, umicollapse, umitools, varscan2, vcftools, vep, verifybamid, vg, whatshap, xengsort, xenome
[2025-08-05 21:47:17,624] multiqc.report                                     [DEBUG  ]  Summary of files that were skipped by the search: |skipped_no_match: 8|, |skipped_module_specific_max_filesize: 1|
[2025-08-05 21:47:17,624] multiqc.core.exec_modules                          [DEBUG  ]  Running module: custom_content
[2025-08-05 21:47:17,633] multiqc.core.special_case_modules.custom_content   [INFO   ]  nf-core-capheine-methods-description: Found 1 sample (html)
[2025-08-05 21:47:17,633] multiqc.core.special_case_modules.custom_content   [INFO   ]  veg-CAPHEINE-summary: Found 1 sample (html)
[2025-08-05 21:47:17,633] multiqc.core.software_versions                     [DEBUG  ]  Reading software versions from config.software_versions
[2025-08-05 21:47:17,633] multiqc.core.software_versions                     [DEBUG  ]  Reading software versions settings from: 3/nf_core_capheine_software_mqc_versions.yml
[2025-08-05 21:47:17,638] multiqc.report                                     [DEBUG  ]  Wrote data file multiqc_software_versions.txt
[2025-08-05 21:47:17,638] multiqc.core.order_modules_and_sections            [DEBUG  ]  config.report_section_order: module 'software_versions' not found.
[2025-08-05 21:47:17,638] multiqc.core.order_modules_and_sections            [DEBUG  ]  config.report_section_order: module 'nf-core-capheine-summary' not found.
[2025-08-05 21:47:17,638] multiqc.core.write_results                         [INFO   ]  Rendering plots. Export plots to formats png, svg, pdf is requested, so it might take a while. To disable plot export, set `export_plots: false` in config, or remove the `--export-plots` command line flag
[2025-08-05 21:47:17,641] multiqc.core.write_results                         [DEBUG  ]  Exporting plot data to files
[2025-08-05 21:47:17,641] multiqc.core.write_results                         [DEBUG  ]  Moving data file from '/tmp/tmp7phzd0s_/multiqc_data' to '/home/hverdonk/work/d0/f047030769ca05e2ee144a56b1856f/multiqc_data'
[2025-08-05 21:47:17,663] multiqc.core.write_results                         [INFO   ]  Data        : multiqc_data
[2025-08-05 21:47:17,692] multiqc.core.write_results                         [DEBUG  ]  Compressing plot data
[2025-08-05 21:47:17,789] multiqc.core.write_results                         [INFO   ]  Report      : multiqc_report.html
[2025-08-05 21:47:17,789] multiqc.core.write_results                         [DEBUG  ]  Report HTML written to /home/hverdonk/work/d0/f047030769ca05e2ee144a56b1856f/multiqc_report.html
